<?xml version="1.0" encoding="UTF-8"?>
<!-- Generated by org.testng.reporters.JUnitReportReporter -->
<testsuite hostname="LRWCmac39D0GTFL" failures="0" tests="1" name="pageobjectmodel.PageObjectModel.OpenWebPage" time="5.934" errors="0" timestamp="2020-02-15T13:48:55 PST" skipped="0">
  <testcase classname="pageobjectmodel.PageObjectModel.OpenWebPage" name="openWebPage" time="5.934"/>
  <system-out/>
</testsuite> <!-- pageobjectmodel.PageObjectModel.OpenWebPage -->
